0 info it worked if it ends with ok
1 verbose cli [ '/Users/Poling/Documents/Project/Mine/nowa-gui/release/mac/NowaGUI.app/Contents/Resources/app/nodes/node',
1 verbose cli   '/usr/local/bin/npm',
1 verbose cli   'run',
1 verbose cli   'test' ]
2 info using npm@3.10.10
3 info using node@v6.9.1
4 verbose run-script [ 'pretest', 'test', 'posttest' ]
5 info lifecycle ansi-html@0.0.7~pretest: ansi-html@0.0.7
6 silly lifecycle ansi-html@0.0.7~pretest: no script for pretest, continuing
7 info lifecycle ansi-html@0.0.7~test: ansi-html@0.0.7
8 verbose lifecycle ansi-html@0.0.7~test: unsafe-perm in lifecycle true
9 verbose lifecycle ansi-html@0.0.7~test: PATH: /usr/local/lib/node_modules/npm/bin/node-gyp-bin:/Users/Poling/Documents/Project/Others/ansi-html/node_modules/.bin:/usr/local/bin:/usr/bin:/bin:/usr/sbin:/sbin:/Users/Poling/Documents/Project/Mine/nowa-gui/release/mac/NowaGUI.app/Contents/Resources/app/nodes:/Users/Poling/.nowa-gui/installation/node_modules/.bin:/Users/Poling/Documents/Project/Mine/nowa-gui/app/nodes
10 verbose lifecycle ansi-html@0.0.7~test: CWD: /Users/Poling/Documents/Project/Others/ansi-html
11 silly lifecycle ansi-html@0.0.7~test: Args: [ '-c', 'mocha -R spec -t 5000' ]
12 silly lifecycle ansi-html@0.0.7~test: Returned: code: 1  signal: null
13 info lifecycle ansi-html@0.0.7~test: Failed to exec test script
14 verbose stack Error: ansi-html@0.0.7 test: `mocha -R spec -t 5000`
14 verbose stack Exit status 1
14 verbose stack     at EventEmitter.<anonymous> (/usr/local/lib/node_modules/npm/lib/utils/lifecycle.js:255:16)
14 verbose stack     at emitTwo (events.js:106:13)
14 verbose stack     at EventEmitter.emit (events.js:191:7)
14 verbose stack     at ChildProcess.<anonymous> (/usr/local/lib/node_modules/npm/lib/utils/spawn.js:40:14)
14 verbose stack     at emitTwo (events.js:106:13)
14 verbose stack     at ChildProcess.emit (events.js:191:7)
14 verbose stack     at maybeClose (internal/child_process.js:877:16)
14 verbose stack     at Process.ChildProcess._handle.onexit (internal/child_process.js:226:5)
15 verbose pkgid ansi-html@0.0.7
16 verbose cwd /Users/Poling/Documents/Project/Others/ansi-html
17 error Darwin 14.5.0
18 error argv "/Users/Poling/Documents/Project/Mine/nowa-gui/release/mac/NowaGUI.app/Contents/Resources/app/nodes/node" "/usr/local/bin/npm" "run" "test"
19 error node v6.9.1
20 error npm  v3.10.10
21 error code ELIFECYCLE
22 error ansi-html@0.0.7 test: `mocha -R spec -t 5000`
22 error Exit status 1
23 error Failed at the ansi-html@0.0.7 test script 'mocha -R spec -t 5000'.
23 error Make sure you have the latest version of node.js and npm installed.
23 error If you do, this is most likely a problem with the ansi-html package,
23 error not with npm itself.
23 error Tell the author that this fails on your system:
23 error     mocha -R spec -t 5000
23 error You can get information on how to open an issue for this project with:
23 error     npm bugs ansi-html
23 error Or if that isn't available, you can get their info via:
23 error     npm owner ls ansi-html
23 error There is likely additional logging output above.
24 verbose exit [ 1, true ]
